0 info it worked if it ends with ok
1 verbose cli [ 'node', '/usr/local/bin/npm', 'install', 'express', '--save' ]
2 info using npm@1.4.28
3 info using node@v0.10.32
4 verbose node symlink /usr/local/bin/node
5 error Failed to parse json
5 error Unexpected token /
6 error File: /Users/shaneedwards/Sites/Film Actor Search App/package.json
7 error Failed to parse package.json data.
7 error package.json must be actual JSON, not just JavaScript.
7 error
7 error This is not a bug in npm.
7 error Tell the package author to fix their package.json file. JSON.parse
8 error System Darwin 14.0.0
9 error command "node" "/usr/local/bin/npm" "install" "express" "--save"
10 error cwd /Users/shaneedwards/Sites/Film Actor Search App
11 error node -v v0.10.32
12 error npm -v 1.4.28
13 error file /Users/shaneedwards/Sites/Film Actor Search App/package.json
14 error code EJSONPARSE
15 verbose exit [ 1, true ]
